[2021-06-20 22:32:16] [modloading-worker-15/INFO] [A] 
[2021-06-20 22:32:16] [modloading-worker-15/INFO] [A] ******************************************************************************************
[2021-06-20 22:32:16] [modloading-worker-15/INFO] [A] 
[2021-06-20 22:32:16] [modloading-worker-15/INFO] [A] Spawner Locator version 1.0.5 for Minecraft 1.16.5
[2021-06-20 22:32:16] [modloading-worker-15/INFO] [A] Built with forge 36.0.13
[2021-06-20 22:32:16] [modloading-worker-15/INFO] [A] 
[2021-06-20 22:32:16] [modloading-worker-15/INFO] [A] Environment :
[2021-06-20 22:32:16] [modloading-worker-15/INFO] [A] 		 OS :Windows 10 (amd64) 
[2021-06-20 22:32:16] [modloading-worker-15/INFO] [A] 		 Java: 1.8.0_51
[2021-06-20 22:32:16] [modloading-worker-15/INFO] [A] 		 Language :US_en
[2021-06-20 22:32:16] [modloading-worker-15/INFO] [A] 
[2021-06-20 22:32:16] [modloading-worker-15/INFO] [A] ******************************************************************************************
[2021-06-20 22:32:16] [modloading-worker-15/INFO] [A] 
[2021-06-20 22:32:16] [modloading-worker-15/INFO] [a] Spawner Locator is loading ...
[2021-06-20 22:32:16] [modloading-worker-15/INFO] [a] Spawner Locator is enable
[2021-06-20 22:42:48] [modloading-worker-9/INFO] [A] 
[2021-06-20 22:42:48] [modloading-worker-9/INFO] [A] ******************************************************************************************
[2021-06-20 22:42:48] [modloading-worker-9/INFO] [A] 
[2021-06-20 22:42:48] [modloading-worker-9/INFO] [A] Spawner Locator version 1.0.5 for Minecraft 1.16.5
[2021-06-20 22:42:48] [modloading-worker-9/INFO] [A] Built with forge 36.0.13
[2021-06-20 22:42:48] [modloading-worker-9/INFO] [A] 
[2021-06-20 22:42:48] [modloading-worker-9/INFO] [A] Environment :
[2021-06-20 22:42:48] [modloading-worker-9/INFO] [A] 		 OS :Windows 10 (amd64) 
[2021-06-20 22:42:48] [modloading-worker-9/INFO] [A] 		 Java: 1.8.0_51
[2021-06-20 22:42:48] [modloading-worker-9/INFO] [A] 		 Language :US_en
[2021-06-20 22:42:48] [modloading-worker-9/INFO] [A] 
[2021-06-20 22:42:48] [modloading-worker-9/INFO] [A] ******************************************************************************************
[2021-06-20 22:42:48] [modloading-worker-9/INFO] [A] 
[2021-06-20 22:42:48] [modloading-worker-9/INFO] [a] Spawner Locator is loading ...
[2021-06-20 22:42:48] [modloading-worker-9/INFO] [a] Spawner Locator is enable
[2021-06-20 22:50:08] [modloading-worker-2/INFO] [A] 
[2021-06-20 22:50:08] [modloading-worker-2/INFO] [A] ******************************************************************************************
[2021-06-20 22:50:08] [modloading-worker-2/INFO] [A] 
[2021-06-20 22:50:08] [modloading-worker-2/INFO] [A] Spawner Locator version 1.0.5 for Minecraft 1.16.5
[2021-06-20 22:50:08] [modloading-worker-2/INFO] [A] Built with forge 36.0.13
[2021-06-20 22:50:08] [modloading-worker-2/INFO] [A] 
[2021-06-20 22:50:08] [modloading-worker-2/INFO] [A] Environment :
[2021-06-20 22:50:08] [modloading-worker-2/INFO] [A] 		 OS :Windows 10 (amd64) 
[2021-06-20 22:50:08] [modloading-worker-2/INFO] [A] 		 Java: 1.8.0_51
[2021-06-20 22:50:08] [modloading-worker-2/INFO] [A] 		 Language :US_en
[2021-06-20 22:50:08] [modloading-worker-2/INFO] [A] 
[2021-06-20 22:50:08] [modloading-worker-2/INFO] [A] ******************************************************************************************
[2021-06-20 22:50:08] [modloading-worker-2/INFO] [A] 
[2021-06-20 22:50:08] [modloading-worker-2/INFO] [a] Spawner Locator is loading ...
[2021-06-20 22:50:08] [modloading-worker-2/INFO] [a] Spawner Locator is enable
[2021-06-20 22:51:28] [modloading-worker-15/INFO] [A] 
[2021-06-20 22:51:28] [modloading-worker-15/INFO] [A] ******************************************************************************************
[2021-06-20 22:51:28] [modloading-worker-15/INFO] [A] 
[2021-06-20 22:51:28] [modloading-worker-15/INFO] [A] Spawner Locator version 1.0.5 for Minecraft 1.16.5
[2021-06-20 22:51:28] [modloading-worker-15/INFO] [A] Built with forge 36.0.13
[2021-06-20 22:51:28] [modloading-worker-15/INFO] [A] 
[2021-06-20 22:51:28] [modloading-worker-15/INFO] [A] Environment :
[2021-06-20 22:51:28] [modloading-worker-15/INFO] [A] 		 OS :Windows 10 (amd64) 
[2021-06-20 22:51:28] [modloading-worker-15/INFO] [A] 		 Java: 1.8.0_51
[2021-06-20 22:51:28] [modloading-worker-15/INFO] [A] 		 Language :US_en
[2021-06-20 22:51:28] [modloading-worker-15/INFO] [A] 
[2021-06-20 22:51:28] [modloading-worker-15/INFO] [A] ******************************************************************************************
[2021-06-20 22:51:28] [modloading-worker-15/INFO] [A] 
[2021-06-20 22:51:28] [modloading-worker-15/INFO] [a] Spawner Locator is loading ...
[2021-06-20 22:51:28] [modloading-worker-15/INFO] [a] Spawner Locator is enable
[2021-06-20 22:55:42] [modloading-worker-4/INFO] [A] 
[2021-06-20 22:55:42] [modloading-worker-4/INFO] [A] ******************************************************************************************
[2021-06-20 22:55:42] [modloading-worker-4/INFO] [A] 
[2021-06-20 22:55:42] [modloading-worker-4/INFO] [A] Spawner Locator version 1.0.5 for Minecraft 1.16.5
[2021-06-20 22:55:42] [modloading-worker-4/INFO] [A] Built with forge 36.0.13
[2021-06-20 22:55:42] [modloading-worker-4/INFO] [A] 
[2021-06-20 22:55:42] [modloading-worker-4/INFO] [A] Environment :
[2021-06-20 22:55:42] [modloading-worker-4/INFO] [A] 		 OS :Windows 10 (amd64) 
[2021-06-20 22:55:42] [modloading-worker-4/INFO] [A] 		 Java: 1.8.0_51
[2021-06-20 22:55:42] [modloading-worker-4/INFO] [A] 		 Language :US_en
[2021-06-20 22:55:42] [modloading-worker-4/INFO] [A] 
[2021-06-20 22:55:42] [modloading-worker-4/INFO] [A] ******************************************************************************************
[2021-06-20 22:55:42] [modloading-worker-4/INFO] [A] 
[2021-06-20 22:55:42] [modloading-worker-4/INFO] [a] Spawner Locator is loading ...
[2021-06-20 22:55:42] [modloading-worker-4/INFO] [a] Spawner Locator is enable
[2021-06-20 22:57:47] [modloading-worker-1/INFO] [A] 
[2021-06-20 22:57:47] [modloading-worker-1/INFO] [A] ******************************************************************************************
[2021-06-20 22:57:47] [modloading-worker-1/INFO] [A] 
[2021-06-20 22:57:47] [modloading-worker-1/INFO] [A] Spawner Locator version 1.0.5 for Minecraft 1.16.5
[2021-06-20 22:57:47] [modloading-worker-1/INFO] [A] Built with forge 36.0.13
[2021-06-20 22:57:47] [modloading-worker-1/INFO] [A] 
[2021-06-20 22:57:47] [modloading-worker-1/INFO] [A] Environment :
[2021-06-20 22:57:47] [modloading-worker-1/INFO] [A] 		 OS :Windows 10 (amd64) 
[2021-06-20 22:57:47] [modloading-worker-1/INFO] [A] 		 Java: 1.8.0_51
[2021-06-20 22:57:47] [modloading-worker-1/INFO] [A] 		 Language :US_en
[2021-06-20 22:57:47] [modloading-worker-1/INFO] [A] 
[2021-06-20 22:57:47] [modloading-worker-1/INFO] [A] ******************************************************************************************
[2021-06-20 22:57:47] [modloading-worker-1/INFO] [A] 
[2021-06-20 22:57:47] [modloading-worker-1/INFO] [a] Spawner Locator is loading ...
[2021-06-20 22:57:47] [modloading-worker-1/INFO] [a] Spawner Locator is enable
[2021-06-20 23:01:08] [modloading-worker-6/INFO] [A] 
[2021-06-20 23:01:08] [modloading-worker-6/INFO] [A] ******************************************************************************************
[2021-06-20 23:01:08] [modloading-worker-6/INFO] [A] 
[2021-06-20 23:01:08] [modloading-worker-6/INFO] [A] Spawner Locator version 1.0.5 for Minecraft 1.16.5
[2021-06-20 23:01:08] [modloading-worker-6/INFO] [A] Built with forge 36.0.13
[2021-06-20 23:01:08] [modloading-worker-6/INFO] [A] 
[2021-06-20 23:01:08] [modloading-worker-6/INFO] [A] Environment :
[2021-06-20 23:01:08] [modloading-worker-6/INFO] [A] 		 OS :Windows 10 (amd64) 
[2021-06-20 23:01:08] [modloading-worker-6/INFO] [A] 		 Java: 1.8.0_51
[2021-06-20 23:01:08] [modloading-worker-6/INFO] [A] 		 Language :US_en
[2021-06-20 23:01:08] [modloading-worker-6/INFO] [A] 
[2021-06-20 23:01:08] [modloading-worker-6/INFO] [A] ******************************************************************************************
[2021-06-20 23:01:08] [modloading-worker-6/INFO] [A] 
[2021-06-20 23:01:08] [modloading-worker-6/INFO] [a] Spawner Locator is loading ...
[2021-06-20 23:01:08] [modloading-worker-6/INFO] [a] Spawner Locator is enable
[2021-06-20 23:02:41] [modloading-worker-9/INFO] [A] 
[2021-06-20 23:02:41] [modloading-worker-9/INFO] [A] ******************************************************************************************
[2021-06-20 23:02:41] [modloading-worker-9/INFO] [A] 
[2021-06-20 23:02:41] [modloading-worker-9/INFO] [A] Spawner Locator version 1.0.5 for Minecraft 1.16.5
[2021-06-20 23:02:41] [modloading-worker-9/INFO] [A] Built with forge 36.0.13
[2021-06-20 23:02:41] [modloading-worker-9/INFO] [A] 
[2021-06-20 23:02:41] [modloading-worker-9/INFO] [A] Environment :
[2021-06-20 23:02:41] [modloading-worker-9/INFO] [A] 		 OS :Windows 10 (amd64) 
[2021-06-20 23:02:41] [modloading-worker-9/INFO] [A] 		 Java: 1.8.0_51
[2021-06-20 23:02:41] [modloading-worker-9/INFO] [A] 		 Language :US_en
[2021-06-20 23:02:41] [modloading-worker-9/INFO] [A] 
[2021-06-20 23:02:41] [modloading-worker-9/INFO] [A] ******************************************************************************************
[2021-06-20 23:02:41] [modloading-worker-9/INFO] [A] 
[2021-06-20 23:02:41] [modloading-worker-9/INFO] [a] Spawner Locator is loading ...
[2021-06-20 23:02:41] [modloading-worker-9/INFO] [a] Spawner Locator is enable
[2021-06-21 08:34:43] [modloading-worker-10/INFO] [A] 
[2021-06-21 08:34:43] [modloading-worker-10/INFO] [A] ******************************************************************************************
[2021-06-21 08:34:43] [modloading-worker-10/INFO] [A] 
[2021-06-21 08:34:43] [modloading-worker-10/INFO] [A] Spawner Locator version 1.0.5 for Minecraft 1.16.5
[2021-06-21 08:34:43] [modloading-worker-10/INFO] [A] Built with forge 36.0.13
[2021-06-21 08:34:43] [modloading-worker-10/INFO] [A] 
[2021-06-21 08:34:43] [modloading-worker-10/INFO] [A] Environment :
[2021-06-21 08:34:43] [modloading-worker-10/INFO] [A] 		 OS :Windows 10 (amd64) 
[2021-06-21 08:34:43] [modloading-worker-10/INFO] [A] 		 Java: 1.8.0_51
[2021-06-21 08:34:43] [modloading-worker-10/INFO] [A] 		 Language :US_en
[2021-06-21 08:34:43] [modloading-worker-10/INFO] [A] 
[2021-06-21 08:34:43] [modloading-worker-10/INFO] [A] ******************************************************************************************
[2021-06-21 08:34:43] [modloading-worker-10/INFO] [A] 
[2021-06-21 08:34:43] [modloading-worker-10/INFO] [a] Spawner Locator is loading ...
[2021-06-21 08:34:43] [modloading-worker-10/INFO] [a] Spawner Locator is enable
[2021-06-21 16:09:51] [modloading-worker-7/INFO] [A] 
[2021-06-21 16:09:51] [modloading-worker-7/INFO] [A] ******************************************************************************************
[2021-06-21 16:09:51] [modloading-worker-7/INFO] [A] 
[2021-06-21 16:09:51] [modloading-worker-7/INFO] [A] Spawner Locator version 1.0.5 for Minecraft 1.16.5
[2021-06-21 16:09:51] [modloading-worker-7/INFO] [A] Built with forge 36.0.13
[2021-06-21 16:09:51] [modloading-worker-7/INFO] [A] 
[2021-06-21 16:09:51] [modloading-worker-7/INFO] [A] Environment :
[2021-06-21 16:09:51] [modloading-worker-7/INFO] [A] 		 OS :Windows 10 (amd64) 
[2021-06-21 16:09:51] [modloading-worker-7/INFO] [A] 		 Java: 1.8.0_51
[2021-06-21 16:09:51] [modloading-worker-7/INFO] [A] 		 Language :US_en
[2021-06-21 16:09:51] [modloading-worker-7/INFO] [A] 
[2021-06-21 16:09:51] [modloading-worker-7/INFO] [A] ******************************************************************************************
[2021-06-21 16:09:51] [modloading-worker-7/INFO] [A] 
[2021-06-21 16:09:51] [modloading-worker-7/INFO] [a] Spawner Locator is loading ...
[2021-06-21 16:09:51] [modloading-worker-7/INFO] [a] Spawner Locator is enable
[2021-06-21 16:17:31] [modloading-worker-10/INFO] [A] 
[2021-06-21 16:17:31] [modloading-worker-10/INFO] [A] ******************************************************************************************
[2021-06-21 16:17:32] [modloading-worker-10/INFO] [A] 
[2021-06-21 16:17:32] [modloading-worker-10/INFO] [A] Spawner Locator version 1.0.5 for Minecraft 1.16.5
[2021-06-21 16:17:32] [modloading-worker-10/INFO] [A] Built with forge 36.0.13
[2021-06-21 16:17:32] [modloading-worker-10/INFO] [A] 
[2021-06-21 16:17:32] [modloading-worker-10/INFO] [A] Environment :
[2021-06-21 16:17:32] [modloading-worker-10/INFO] [A] 		 OS :Windows 10 (amd64) 
[2021-06-21 16:17:32] [modloading-worker-10/INFO] [A] 		 Java: 1.8.0_51
[2021-06-21 16:17:32] [modloading-worker-10/INFO] [A] 		 Language :US_en
[2021-06-21 16:17:32] [modloading-worker-10/INFO] [A] 
[2021-06-21 16:17:32] [modloading-worker-10/INFO] [A] ******************************************************************************************
[2021-06-21 16:17:32] [modloading-worker-10/INFO] [A] 
[2021-06-21 16:17:32] [modloading-worker-10/INFO] [a] Spawner Locator is loading ...
[2021-06-21 16:17:32] [modloading-worker-10/INFO] [a] Spawner Locator is enable
[2021-06-21 16:35:51] [modloading-worker-2/INFO] [A] 
[2021-06-21 16:35:51] [modloading-worker-2/INFO] [A] ******************************************************************************************
[2021-06-21 16:35:51] [modloading-worker-2/INFO] [A] 
[2021-06-21 16:35:51] [modloading-worker-2/INFO] [A] Spawner Locator version 1.0.5 for Minecraft 1.16.5
[2021-06-21 16:35:51] [modloading-worker-2/INFO] [A] Built with forge 36.0.13
[2021-06-21 16:35:51] [modloading-worker-2/INFO] [A] 
[2021-06-21 16:35:51] [modloading-worker-2/INFO] [A] Environment :
[2021-06-21 16:35:51] [modloading-worker-2/INFO] [A] 		 OS :Windows 10 (amd64) 
[2021-06-21 16:35:51] [modloading-worker-2/INFO] [A] 		 Java: 1.8.0_51
[2021-06-21 16:35:51] [modloading-worker-2/INFO] [A] 		 Language :US_en
[2021-06-21 16:35:51] [modloading-worker-2/INFO] [A] 
[2021-06-21 16:35:51] [modloading-worker-2/INFO] [A] ******************************************************************************************
[2021-06-21 16:35:51] [modloading-worker-2/INFO] [A] 
[2021-06-21 16:35:51] [modloading-worker-2/INFO] [a] Spawner Locator is loading ...
[2021-06-21 16:35:51] [modloading-worker-2/INFO] [a] Spawner Locator is enable
[2021-06-22 08:25:13] [modloading-worker-7/INFO] [A] 
[2021-06-22 08:25:13] [modloading-worker-7/INFO] [A] ******************************************************************************************
[2021-06-22 08:25:13] [modloading-worker-7/INFO] [A] 
[2021-06-22 08:25:13] [modloading-worker-7/INFO] [A] Spawner Locator version 1.0.5 for Minecraft 1.16.5
[2021-06-22 08:25:13] [modloading-worker-7/INFO] [A] Built with forge 36.0.13
[2021-06-22 08:25:13] [modloading-worker-7/INFO] [A] 
[2021-06-22 08:25:13] [modloading-worker-7/INFO] [A] Environment :
[2021-06-22 08:25:13] [modloading-worker-7/INFO] [A] 		 OS :Windows 10 (amd64) 
[2021-06-22 08:25:13] [modloading-worker-7/INFO] [A] 		 Java: 1.8.0_51
[2021-06-22 08:25:13] [modloading-worker-7/INFO] [A] 		 Language :US_en
[2021-06-22 08:25:13] [modloading-worker-7/INFO] [A] 
[2021-06-22 08:25:13] [modloading-worker-7/INFO] [A] ******************************************************************************************
[2021-06-22 08:25:13] [modloading-worker-7/INFO] [A] 
[2021-06-22 08:25:13] [modloading-worker-7/INFO] [a] Spawner Locator is loading ...
[2021-06-22 08:25:13] [modloading-worker-7/INFO] [a] Spawner Locator is enable
[2021-06-23 08:37:24] [modloading-worker-5/INFO] [A] 
[2021-06-23 08:37:24] [modloading-worker-5/INFO] [A] ******************************************************************************************
[2021-06-23 08:37:24] [modloading-worker-5/INFO] [A] 
[2021-06-23 08:37:24] [modloading-worker-5/INFO] [A] Spawner Locator version 1.0.5 for Minecraft 1.16.5
[2021-06-23 08:37:24] [modloading-worker-5/INFO] [A] Built with forge 36.0.13
[2021-06-23 08:37:24] [modloading-worker-5/INFO] [A] 
[2021-06-23 08:37:24] [modloading-worker-5/INFO] [A] Environment :
[2021-06-23 08:37:24] [modloading-worker-5/INFO] [A] 		 OS :Windows 10 (amd64) 
[2021-06-23 08:37:24] [modloading-worker-5/INFO] [A] 		 Java: 1.8.0_51
[2021-06-23 08:37:24] [modloading-worker-5/INFO] [A] 		 Language :US_en
[2021-06-23 08:37:24] [modloading-worker-5/INFO] [A] 
[2021-06-23 08:37:24] [modloading-worker-5/INFO] [A] ******************************************************************************************
[2021-06-23 08:37:24] [modloading-worker-5/INFO] [A] 
[2021-06-23 08:37:24] [modloading-worker-5/INFO] [a] Spawner Locator is loading ...
[2021-06-23 08:37:24] [modloading-worker-5/INFO] [a] Spawner Locator is enable
[2021-06-23 17:13:37] [modloading-worker-1/INFO] [A] 
[2021-06-23 17:13:37] [modloading-worker-1/INFO] [A] ******************************************************************************************
[2021-06-23 17:13:37] [modloading-worker-1/INFO] [A] 
[2021-06-23 17:13:37] [modloading-worker-1/INFO] [A] Spawner Locator version 1.0.5 for Minecraft 1.16.5
[2021-06-23 17:13:37] [modloading-worker-1/INFO] [A] Built with forge 36.0.13
[2021-06-23 17:13:37] [modloading-worker-1/INFO] [A] 
[2021-06-23 17:13:37] [modloading-worker-1/INFO] [A] Environment :
[2021-06-23 17:13:37] [modloading-worker-1/INFO] [A] 		 OS :Windows 10 (amd64) 
[2021-06-23 17:13:37] [modloading-worker-1/INFO] [A] 		 Java: 1.8.0_51
[2021-06-23 17:13:37] [modloading-worker-1/INFO] [A] 		 Language :US_en
[2021-06-23 17:13:37] [modloading-worker-1/INFO] [A] 
[2021-06-23 17:13:37] [modloading-worker-1/INFO] [A] ******************************************************************************************
[2021-06-23 17:13:37] [modloading-worker-1/INFO] [A] 
[2021-06-23 17:13:37] [modloading-worker-1/INFO] [a] Spawner Locator is loading ...
[2021-06-23 17:13:37] [modloading-worker-1/INFO] [a] Spawner Locator is enable
[2021-06-23 17:44:37] [modloading-worker-6/INFO] [A] 
[2021-06-23 17:44:37] [modloading-worker-6/INFO] [A] ******************************************************************************************
[2021-06-23 17:44:37] [modloading-worker-6/INFO] [A] 
[2021-06-23 17:44:37] [modloading-worker-6/INFO] [A] Spawner Locator version 1.0.5 for Minecraft 1.16.5
[2021-06-23 17:44:37] [modloading-worker-6/INFO] [A] Built with forge 36.0.13
[2021-06-23 17:44:37] [modloading-worker-6/INFO] [A] 
[2021-06-23 17:44:37] [modloading-worker-6/INFO] [A] Environment :
[2021-06-23 17:44:37] [modloading-worker-6/INFO] [A] 		 OS :Windows 10 (amd64) 
[2021-06-23 17:44:37] [modloading-worker-6/INFO] [A] 		 Java: 1.8.0_51
[2021-06-23 17:44:37] [modloading-worker-6/INFO] [A] 		 Language :US_en
[2021-06-23 17:44:37] [modloading-worker-6/INFO] [A] 
[2021-06-23 17:44:37] [modloading-worker-6/INFO] [A] ******************************************************************************************
[2021-06-23 17:44:37] [modloading-worker-6/INFO] [A] 
[2021-06-23 17:44:37] [modloading-worker-6/INFO] [a] Spawner Locator is loading ...
[2021-06-23 17:44:37] [modloading-worker-6/INFO] [a] Spawner Locator is enable
[2021-06-24 08:30:33] [modloading-worker-12/INFO] [A] 
[2021-06-24 08:30:33] [modloading-worker-12/INFO] [A] ******************************************************************************************
[2021-06-24 08:30:33] [modloading-worker-12/INFO] [A] 
[2021-06-24 08:30:33] [modloading-worker-12/INFO] [A] Spawner Locator version 1.0.5 for Minecraft 1.16.5
[2021-06-24 08:30:33] [modloading-worker-12/INFO] [A] Built with forge 36.0.13
[2021-06-24 08:30:33] [modloading-worker-12/INFO] [A] 
[2021-06-24 08:30:33] [modloading-worker-12/INFO] [A] Environment :
[2021-06-24 08:30:33] [modloading-worker-12/INFO] [A] 		 OS :Windows 10 (amd64) 
[2021-06-24 08:30:33] [modloading-worker-12/INFO] [A] 		 Java: 1.8.0_51
[2021-06-24 08:30:33] [modloading-worker-12/INFO] [A] 		 Language :US_en
[2021-06-24 08:30:33] [modloading-worker-12/INFO] [A] 
[2021-06-24 08:30:33] [modloading-worker-12/INFO] [A] ******************************************************************************************
[2021-06-24 08:30:33] [modloading-worker-12/INFO] [A] 
[2021-06-24 08:30:33] [modloading-worker-12/INFO] [a] Spawner Locator is loading ...
[2021-06-24 08:30:33] [modloading-worker-12/INFO] [a] Spawner Locator is enable
[2021-06-24 17:41:47] [modloading-worker-0/INFO] [A] 
[2021-06-24 17:41:47] [modloading-worker-0/INFO] [A] ******************************************************************************************
[2021-06-24 17:41:47] [modloading-worker-0/INFO] [A] 
[2021-06-24 17:41:47] [modloading-worker-0/INFO] [A] Spawner Locator version 1.0.5 for Minecraft 1.16.5
[2021-06-24 17:41:47] [modloading-worker-0/INFO] [A] Built with forge 36.0.13
[2021-06-24 17:41:47] [modloading-worker-0/INFO] [A] 
[2021-06-24 17:41:47] [modloading-worker-0/INFO] [A] Environment :
[2021-06-24 17:41:47] [modloading-worker-0/INFO] [A] 		 OS :Windows 10 (amd64) 
[2021-06-24 17:41:47] [modloading-worker-0/INFO] [A] 		 Java: 1.8.0_51
[2021-06-24 17:41:47] [modloading-worker-0/INFO] [A] 		 Language :US_en
[2021-06-24 17:41:47] [modloading-worker-0/INFO] [A] 
[2021-06-24 17:41:47] [modloading-worker-0/INFO] [A] ******************************************************************************************
[2021-06-24 17:41:47] [modloading-worker-0/INFO] [A] 
[2021-06-24 17:41:47] [modloading-worker-0/INFO] [a] Spawner Locator is loading ...
[2021-06-24 17:41:47] [modloading-worker-0/INFO] [a] Spawner Locator is enable
[2021-06-24 20:44:25] [modloading-worker-14/INFO] [A] 
[2021-06-24 20:44:25] [modloading-worker-14/INFO] [A] ******************************************************************************************
[2021-06-24 20:44:25] [modloading-worker-14/INFO] [A] 
[2021-06-24 20:44:25] [modloading-worker-14/INFO] [A] Spawner Locator version 1.0.5 for Minecraft 1.16.5
[2021-06-24 20:44:25] [modloading-worker-14/INFO] [A] Built with forge 36.0.13
[2021-06-24 20:44:25] [modloading-worker-14/INFO] [A] 
[2021-06-24 20:44:25] [modloading-worker-14/INFO] [A] Environment :
[2021-06-24 20:44:25] [modloading-worker-14/INFO] [A] 		 OS :Windows 10 (amd64) 
[2021-06-24 20:44:25] [modloading-worker-14/INFO] [A] 		 Java: 1.8.0_51
[2021-06-24 20:44:25] [modloading-worker-14/INFO] [A] 		 Language :US_en
[2021-06-24 20:44:25] [modloading-worker-14/INFO] [A] 
[2021-06-24 20:44:25] [modloading-worker-14/INFO] [A] ******************************************************************************************
[2021-06-24 20:44:25] [modloading-worker-14/INFO] [A] 
[2021-06-24 20:44:25] [modloading-worker-14/INFO] [a] Spawner Locator is loading ...
[2021-06-24 20:44:25] [modloading-worker-14/INFO] [a] Spawner Locator is enable
[2021-06-24 20:46:09] [modloading-worker-3/INFO] [A] 
[2021-06-24 20:46:09] [modloading-worker-3/INFO] [A] ******************************************************************************************
[2021-06-24 20:46:09] [modloading-worker-3/INFO] [A] 
[2021-06-24 20:46:09] [modloading-worker-3/INFO] [A] Spawner Locator version 1.0.5 for Minecraft 1.16.5
[2021-06-24 20:46:09] [modloading-worker-3/INFO] [A] Built with forge 36.0.13
[2021-06-24 20:46:09] [modloading-worker-3/INFO] [A] 
[2021-06-24 20:46:09] [modloading-worker-3/INFO] [A] Environment :
[2021-06-24 20:46:09] [modloading-worker-3/INFO] [A] 		 OS :Windows 10 (amd64) 
[2021-06-24 20:46:09] [modloading-worker-3/INFO] [A] 		 Java: 1.8.0_51
[2021-06-24 20:46:09] [modloading-worker-3/INFO] [A] 		 Language :US_en
[2021-06-24 20:46:09] [modloading-worker-3/INFO] [A] 
[2021-06-24 20:46:09] [modloading-worker-3/INFO] [A] ******************************************************************************************
[2021-06-24 20:46:09] [modloading-worker-3/INFO] [A] 
[2021-06-24 20:46:09] [modloading-worker-3/INFO] [a] Spawner Locator is loading ...
[2021-06-24 20:46:09] [modloading-worker-3/INFO] [a] Spawner Locator is enable
[2021-06-25 13:02:15] [modloading-worker-5/INFO] [A] 
[2021-06-25 13:02:15] [modloading-worker-5/INFO] [A] ******************************************************************************************
[2021-06-25 13:02:15] [modloading-worker-5/INFO] [A] 
[2021-06-25 13:02:15] [modloading-worker-5/INFO] [A] Spawner Locator version 1.0.5 for Minecraft 1.16.5
[2021-06-25 13:02:15] [modloading-worker-5/INFO] [A] Built with forge 36.0.13
[2021-06-25 13:02:15] [modloading-worker-5/INFO] [A] 
[2021-06-25 13:02:15] [modloading-worker-5/INFO] [A] Environment :
[2021-06-25 13:02:15] [modloading-worker-5/INFO] [A] 		 OS :Windows 10 (amd64) 
[2021-06-25 13:02:15] [modloading-worker-5/INFO] [A] 		 Java: 1.8.0_51
[2021-06-25 13:02:15] [modloading-worker-5/INFO] [A] 		 Language :US_en
[2021-06-25 13:02:15] [modloading-worker-5/INFO] [A] 
[2021-06-25 13:02:15] [modloading-worker-5/INFO] [A] ******************************************************************************************
[2021-06-25 13:02:15] [modloading-worker-5/INFO] [A] 
[2021-06-25 13:02:15] [modloading-worker-5/INFO] [a] Spawner Locator is loading ...
[2021-06-25 13:02:15] [modloading-worker-5/INFO] [a] Spawner Locator is enable
[2021-06-25 16:46:38] [modloading-worker-0/INFO] [A] 
[2021-06-25 16:46:38] [modloading-worker-0/INFO] [A] ******************************************************************************************
[2021-06-25 16:46:38] [modloading-worker-0/INFO] [A] 
[2021-06-25 16:46:38] [modloading-worker-0/INFO] [A] Spawner Locator version 1.0.5 for Minecraft 1.16.5
[2021-06-25 16:46:38] [modloading-worker-0/INFO] [A] Built with forge 36.0.13
[2021-06-25 16:46:38] [modloading-worker-0/INFO] [A] 
[2021-06-25 16:46:38] [modloading-worker-0/INFO] [A] Environment :
[2021-06-25 16:46:38] [modloading-worker-0/INFO] [A] 		 OS :Windows 10 (amd64) 
[2021-06-25 16:46:38] [modloading-worker-0/INFO] [A] 		 Java: 1.8.0_51
[2021-06-25 16:46:38] [modloading-worker-0/INFO] [A] 		 Language :US_en
[2021-06-25 16:46:38] [modloading-worker-0/INFO] [A] 
[2021-06-25 16:46:38] [modloading-worker-0/INFO] [A] ******************************************************************************************
[2021-06-25 16:46:38] [modloading-worker-0/INFO] [A] 
[2021-06-25 16:46:38] [modloading-worker-0/INFO] [a] Spawner Locator is loading ...
[2021-06-25 16:46:38] [modloading-worker-0/INFO] [a] Spawner Locator is enable
[2021-06-25 16:50:56] [modloading-worker-9/INFO] [A] 
[2021-06-25 16:50:56] [modloading-worker-9/INFO] [A] ******************************************************************************************
[2021-06-25 16:50:56] [modloading-worker-9/INFO] [A] 
[2021-06-25 16:50:56] [modloading-worker-9/INFO] [A] Spawner Locator version 1.0.5 for Minecraft 1.16.5
[2021-06-25 16:50:56] [modloading-worker-9/INFO] [A] Built with forge 36.0.13
[2021-06-25 16:50:56] [modloading-worker-9/INFO] [A] 
[2021-06-25 16:50:56] [modloading-worker-9/INFO] [A] Environment :
[2021-06-25 16:50:56] [modloading-worker-9/INFO] [A] 		 OS :Windows 10 (amd64) 
[2021-06-25 16:50:56] [modloading-worker-9/INFO] [A] 		 Java: 1.8.0_51
[2021-06-25 16:50:56] [modloading-worker-9/INFO] [A] 		 Language :US_en
[2021-06-25 16:50:56] [modloading-worker-9/INFO] [A] 
[2021-06-25 16:50:56] [modloading-worker-9/INFO] [A] ******************************************************************************************
[2021-06-25 16:50:56] [modloading-worker-9/INFO] [A] 
[2021-06-25 16:50:56] [modloading-worker-9/INFO] [a] Spawner Locator is loading ...
[2021-06-25 16:50:56] [modloading-worker-9/INFO] [a] Spawner Locator is enable
[2021-06-26 07:37:21] [modloading-worker-7/INFO] [A] 
[2021-06-26 07:37:21] [modloading-worker-7/INFO] [A] ******************************************************************************************
[2021-06-26 07:37:21] [modloading-worker-7/INFO] [A] 
[2021-06-26 07:37:21] [modloading-worker-7/INFO] [A] Spawner Locator version 1.0.5 for Minecraft 1.16.5
[2021-06-26 07:37:21] [modloading-worker-7/INFO] [A] Built with forge 36.0.13
[2021-06-26 07:37:21] [modloading-worker-7/INFO] [A] 
[2021-06-26 07:37:21] [modloading-worker-7/INFO] [A] Environment :
[2021-06-26 07:37:21] [modloading-worker-7/INFO] [A] 		 OS :Windows 10 (amd64) 
[2021-06-26 07:37:21] [modloading-worker-7/INFO] [A] 		 Java: 1.8.0_51
[2021-06-26 07:37:21] [modloading-worker-7/INFO] [A] 		 Language :US_en
[2021-06-26 07:37:21] [modloading-worker-7/INFO] [A] 
[2021-06-26 07:37:21] [modloading-worker-7/INFO] [A] ******************************************************************************************
[2021-06-26 07:37:21] [modloading-worker-7/INFO] [A] 
[2021-06-26 07:37:21] [modloading-worker-7/INFO] [a] Spawner Locator is loading ...
[2021-06-26 07:37:21] [modloading-worker-7/INFO] [a] Spawner Locator is enable
[2021-06-26 11:53:33] [modloading-worker-7/INFO] [A] 
[2021-06-26 11:53:33] [modloading-worker-7/INFO] [A] ******************************************************************************************
[2021-06-26 11:53:33] [modloading-worker-7/INFO] [A] 
[2021-06-26 11:53:33] [modloading-worker-7/INFO] [A] Spawner Locator version 1.0.5 for Minecraft 1.16.5
[2021-06-26 11:53:33] [modloading-worker-7/INFO] [A] Built with forge 36.0.13
[2021-06-26 11:53:33] [modloading-worker-7/INFO] [A] 
[2021-06-26 11:53:33] [modloading-worker-7/INFO] [A] Environment :
[2021-06-26 11:53:33] [modloading-worker-7/INFO] [A] 		 OS :Windows 10 (amd64) 
[2021-06-26 11:53:33] [modloading-worker-7/INFO] [A] 		 Java: 1.8.0_51
[2021-06-26 11:53:33] [modloading-worker-7/INFO] [A] 		 Language :US_en
[2021-06-26 11:53:33] [modloading-worker-7/INFO] [A] 
[2021-06-26 11:53:33] [modloading-worker-7/INFO] [A] ******************************************************************************************
[2021-06-26 11:53:33] [modloading-worker-7/INFO] [A] 
[2021-06-26 11:53:33] [modloading-worker-7/INFO] [a] Spawner Locator is loading ...
[2021-06-26 11:53:33] [modloading-worker-7/INFO] [a] Spawner Locator is enable
[2021-06-26 17:34:31] [modloading-worker-0/INFO] [A] 
[2021-06-26 17:34:31] [modloading-worker-0/INFO] [A] ******************************************************************************************
[2021-06-26 17:34:31] [modloading-worker-0/INFO] [A] 
[2021-06-26 17:34:31] [modloading-worker-0/INFO] [A] Spawner Locator version 1.0.5 for Minecraft 1.16.5
[2021-06-26 17:34:31] [modloading-worker-0/INFO] [A] Built with forge 36.0.13
[2021-06-26 17:34:31] [modloading-worker-0/INFO] [A] 
[2021-06-26 17:34:31] [modloading-worker-0/INFO] [A] Environment :
[2021-06-26 17:34:31] [modloading-worker-0/INFO] [A] 		 OS :Windows 10 (amd64) 
[2021-06-26 17:34:31] [modloading-worker-0/INFO] [A] 		 Java: 1.8.0_51
[2021-06-26 17:34:31] [modloading-worker-0/INFO] [A] 		 Language :US_en
[2021-06-26 17:34:31] [modloading-worker-0/INFO] [A] 
[2021-06-26 17:34:31] [modloading-worker-0/INFO] [A] ******************************************************************************************
[2021-06-26 17:34:31] [modloading-worker-0/INFO] [A] 
[2021-06-26 17:34:31] [modloading-worker-0/INFO] [a] Spawner Locator is loading ...
[2021-06-26 17:34:31] [modloading-worker-0/INFO] [a] Spawner Locator is enable
[2021-06-26 19:36:01] [modloading-worker-4/INFO] [A] 
[2021-06-26 19:36:01] [modloading-worker-4/INFO] [A] ******************************************************************************************
[2021-06-26 19:36:01] [modloading-worker-4/INFO] [A] 
[2021-06-26 19:36:01] [modloading-worker-4/INFO] [A] Spawner Locator version 1.0.5 for Minecraft 1.16.5
[2021-06-26 19:36:01] [modloading-worker-4/INFO] [A] Built with forge 36.0.13
[2021-06-26 19:36:01] [modloading-worker-4/INFO] [A] 
[2021-06-26 19:36:01] [modloading-worker-4/INFO] [A] Environment :
[2021-06-26 19:36:01] [modloading-worker-4/INFO] [A] 		 OS :Windows 10 (amd64) 
[2021-06-26 19:36:01] [modloading-worker-4/INFO] [A] 		 Java: 1.8.0_51
[2021-06-26 19:36:01] [modloading-worker-4/INFO] [A] 		 Language :US_en
[2021-06-26 19:36:01] [modloading-worker-4/INFO] [A] 
[2021-06-26 19:36:01] [modloading-worker-4/INFO] [A] ******************************************************************************************
[2021-06-26 19:36:01] [modloading-worker-4/INFO] [A] 
[2021-06-26 19:36:01] [modloading-worker-4/INFO] [a] Spawner Locator is loading ...
[2021-06-26 19:36:01] [modloading-worker-4/INFO] [a] Spawner Locator is enable
[2021-06-27 08:09:47] [modloading-worker-15/INFO] [A] 
[2021-06-27 08:09:47] [modloading-worker-15/INFO] [A] ******************************************************************************************
[2021-06-27 08:09:47] [modloading-worker-15/INFO] [A] 
[2021-06-27 08:09:47] [modloading-worker-15/INFO] [A] Spawner Locator version 1.0.5 for Minecraft 1.16.5
[2021-06-27 08:09:47] [modloading-worker-15/INFO] [A] Built with forge 36.0.13
[2021-06-27 08:09:47] [modloading-worker-15/INFO] [A] 
[2021-06-27 08:09:47] [modloading-worker-15/INFO] [A] Environment :
[2021-06-27 08:09:47] [modloading-worker-15/INFO] [A] 		 OS :Windows 10 (amd64) 
[2021-06-27 08:09:47] [modloading-worker-15/INFO] [A] 		 Java: 1.8.0_51
[2021-06-27 08:09:47] [modloading-worker-15/INFO] [A] 		 Language :US_en
[2021-06-27 08:09:47] [modloading-worker-15/INFO] [A] 
[2021-06-27 08:09:47] [modloading-worker-15/INFO] [A] ******************************************************************************************
[2021-06-27 08:09:47] [modloading-worker-15/INFO] [A] 
[2021-06-27 08:09:47] [modloading-worker-15/INFO] [a] Spawner Locator is loading ...
[2021-06-27 08:09:47] [modloading-worker-15/INFO] [a] Spawner Locator is enable
[2021-06-27 15:34:26] [modloading-worker-14/INFO] [A] 
[2021-06-27 15:34:26] [modloading-worker-14/INFO] [A] ******************************************************************************************
[2021-06-27 15:34:26] [modloading-worker-14/INFO] [A] 
[2021-06-27 15:34:26] [modloading-worker-14/INFO] [A] Spawner Locator version 1.0.5 for Minecraft 1.16.5
[2021-06-27 15:34:26] [modloading-worker-14/INFO] [A] Built with forge 36.0.13
[2021-06-27 15:34:26] [modloading-worker-14/INFO] [A] 
[2021-06-27 15:34:26] [modloading-worker-14/INFO] [A] Environment :
[2021-06-27 15:34:26] [modloading-worker-14/INFO] [A] 		 OS :Windows 10 (amd64) 
[2021-06-27 15:34:26] [modloading-worker-14/INFO] [A] 		 Java: 1.8.0_51
[2021-06-27 15:34:26] [modloading-worker-14/INFO] [A] 		 Language :US_en
[2021-06-27 15:34:26] [modloading-worker-14/INFO] [A] 
[2021-06-27 15:34:26] [modloading-worker-14/INFO] [A] ******************************************************************************************
[2021-06-27 15:34:26] [modloading-worker-14/INFO] [A] 
[2021-06-27 15:34:26] [modloading-worker-14/INFO] [a] Spawner Locator is loading ...
[2021-06-27 15:34:26] [modloading-worker-14/INFO] [a] Spawner Locator is enable
[2021-06-27 15:36:12] [modloading-worker-0/INFO] [A] 
[2021-06-27 15:36:12] [modloading-worker-0/INFO] [A] ******************************************************************************************
[2021-06-27 15:36:12] [modloading-worker-0/INFO] [A] 
[2021-06-27 15:36:12] [modloading-worker-0/INFO] [A] Spawner Locator version 1.0.5 for Minecraft 1.16.5
[2021-06-27 15:36:12] [modloading-worker-0/INFO] [A] Built with forge 36.0.13
[2021-06-27 15:36:12] [modloading-worker-0/INFO] [A] 
[2021-06-27 15:36:12] [modloading-worker-0/INFO] [A] Environment :
[2021-06-27 15:36:12] [modloading-worker-0/INFO] [A] 		 OS :Windows 10 (amd64) 
[2021-06-27 15:36:12] [modloading-worker-0/INFO] [A] 		 Java: 1.8.0_51
[2021-06-27 15:36:12] [modloading-worker-0/INFO] [A] 		 Language :US_en
[2021-06-27 15:36:12] [modloading-worker-0/INFO] [A] 
[2021-06-27 15:36:12] [modloading-worker-0/INFO] [A] ******************************************************************************************
[2021-06-27 15:36:12] [modloading-worker-0/INFO] [A] 
[2021-06-27 15:36:12] [modloading-worker-0/INFO] [a] Spawner Locator is loading ...
[2021-06-27 15:36:12] [modloading-worker-0/INFO] [a] Spawner Locator is enable
[2021-06-27 15:43:24] [modloading-worker-13/INFO] [A] 
[2021-06-27 15:43:24] [modloading-worker-13/INFO] [A] ******************************************************************************************
[2021-06-27 15:43:24] [modloading-worker-13/INFO] [A] 
[2021-06-27 15:43:24] [modloading-worker-13/INFO] [A] Spawner Locator version 1.0.5 for Minecraft 1.16.5
[2021-06-27 15:43:24] [modloading-worker-13/INFO] [A] Built with forge 36.0.13
[2021-06-27 15:43:24] [modloading-worker-13/INFO] [A] 
[2021-06-27 15:43:24] [modloading-worker-13/INFO] [A] Environment :
[2021-06-27 15:43:24] [modloading-worker-13/INFO] [A] 		 OS :Windows 10 (amd64) 
[2021-06-27 15:43:24] [modloading-worker-13/INFO] [A] 		 Java: 1.8.0_51
[2021-06-27 15:43:24] [modloading-worker-13/INFO] [A] 		 Language :US_en
[2021-06-27 15:43:24] [modloading-worker-13/INFO] [A] 
[2021-06-27 15:43:24] [modloading-worker-13/INFO] [A] ******************************************************************************************
[2021-06-27 15:43:24] [modloading-worker-13/INFO] [A] 
[2021-06-27 15:43:24] [modloading-worker-13/INFO] [a] Spawner Locator is loading ...
[2021-06-27 15:43:24] [modloading-worker-13/INFO] [a] Spawner Locator is enable
[2021-06-28 14:33:41] [modloading-worker-11/INFO] [A] 
[2021-06-28 14:33:41] [modloading-worker-11/INFO] [A] ******************************************************************************************
[2021-06-28 14:33:41] [modloading-worker-11/INFO] [A] 
[2021-06-28 14:33:41] [modloading-worker-11/INFO] [A] Spawner Locator version 1.0.5 for Minecraft 1.16.5
[2021-06-28 14:33:41] [modloading-worker-11/INFO] [A] Built with forge 36.0.13
[2021-06-28 14:33:41] [modloading-worker-11/INFO] [A] 
[2021-06-28 14:33:41] [modloading-worker-11/INFO] [A] Environment :
[2021-06-28 14:33:41] [modloading-worker-11/INFO] [A] 		 OS :Windows 10 (amd64) 
[2021-06-28 14:33:41] [modloading-worker-11/INFO] [A] 		 Java: 1.8.0_51
[2021-06-28 14:33:41] [modloading-worker-11/INFO] [A] 		 Language :US_en
[2021-06-28 14:33:41] [modloading-worker-11/INFO] [A] 
[2021-06-28 14:33:41] [modloading-worker-11/INFO] [A] ******************************************************************************************
[2021-06-28 14:33:41] [modloading-worker-11/INFO] [A] 
[2021-06-28 14:33:41] [modloading-worker-11/INFO] [a] Spawner Locator is loading ...
[2021-06-28 14:33:41] [modloading-worker-11/INFO] [a] Spawner Locator is enable
[2021-06-29 08:19:06] [modloading-worker-12/INFO] [A] 
[2021-06-29 08:19:06] [modloading-worker-12/INFO] [A] ******************************************************************************************
[2021-06-29 08:19:06] [modloading-worker-12/INFO] [A] 
[2021-06-29 08:19:06] [modloading-worker-12/INFO] [A] Spawner Locator version 1.0.5 for Minecraft 1.16.5
[2021-06-29 08:19:06] [modloading-worker-12/INFO] [A] Built with forge 36.0.13
[2021-06-29 08:19:06] [modloading-worker-12/INFO] [A] 
[2021-06-29 08:19:06] [modloading-worker-12/INFO] [A] Environment :
[2021-06-29 08:19:06] [modloading-worker-12/INFO] [A] 		 OS :Windows 10 (amd64) 
[2021-06-29 08:19:06] [modloading-worker-12/INFO] [A] 		 Java: 1.8.0_51
[2021-06-29 08:19:06] [modloading-worker-12/INFO] [A] 		 Language :US_en
[2021-06-29 08:19:06] [modloading-worker-12/INFO] [A] 
[2021-06-29 08:19:06] [modloading-worker-12/INFO] [A] ******************************************************************************************
[2021-06-29 08:19:06] [modloading-worker-12/INFO] [A] 
[2021-06-29 08:19:06] [modloading-worker-12/INFO] [a] Spawner Locator is loading ...
[2021-06-29 08:19:06] [modloading-worker-12/INFO] [a] Spawner Locator is enable
